[0.655s] Invoking command in '/home/student_rm03/dev_ws/src/py_pubsub': PYTHONPATH=/home/student_rm03/dev_ws/src/build/py_pubsub/prefix_override:/home/student_rm03/dev_ws/src/install/py_pubsub/lib/python3.10/site-packages:${PYTHONPATH} /usr/bin/python3 setup.py egg_info --egg-base ../build/py_pubsub build --build-base /home/student_rm03/dev_ws/src/build/py_pubsub/build install --record /home/student_rm03/dev_ws/src/build/py_pubsub/install.log --single-version-externally-managed
[0.888s] running egg_info
[0.888s] creating ../build/py_pubsub/py_pubsub.egg-info
[0.888s] writing ../build/py_pubsub/py_pubsub.egg-info/PKG-INFO
[0.889s] writing dependency_links to ../build/py_pubsub/py_pubsub.egg-info/dependency_links.txt
[0.889s] writing entry points to ../build/py_pubsub/py_pubsub.egg-info/entry_points.txt
[0.889s] writing requirements to ../build/py_pubsub/py_pubsub.egg-info/requires.txt
[0.889s] writing top-level names to ../build/py_pubsub/py_pubsub.egg-info/top_level.txt
[0.889s] writing manifest file '../build/py_pubsub/py_pubsub.egg-info/SOURCES.txt'
[0.891s] reading manifest file '../build/py_pubsub/py_pubsub.egg-info/SOURCES.txt'
[0.892s] writing manifest file '../build/py_pubsub/py_pubsub.egg-info/SOURCES.txt'
[0.892s] running build
[0.892s] running build_py
[0.892s] creating /home/student_rm03/dev_ws/src/build/py_pubsub/build
[0.892s] creating /home/student_rm03/dev_ws/src/build/py_pubsub/build/lib
[0.892s] creating /home/student_rm03/dev_ws/src/build/py_pubsub/build/lib/py_pubsub
[0.892s] copying py_pubsub/__init__.py -> /home/student_rm03/dev_ws/src/build/py_pubsub/build/lib/py_pubsub
[0.892s] copying py_pubsub/subscriber_member_function.py -> /home/student_rm03/dev_ws/src/build/py_pubsub/build/lib/py_pubsub
[0.893s] copying py_pubsub/publisher_member_function.py -> /home/student_rm03/dev_ws/src/build/py_pubsub/build/lib/py_pubsub
[0.893s] running install
[0.899s] /usr/lib/python3/dist-packages/setuptools/command/install.py:34: SetuptoolsDeprecationWarning: setup.py install is deprecated. Use build and pip and other standards-based tools.
[0.899s]   warnings.warn(
[0.899s] running install_lib
[0.900s] creating /home/student_rm03/dev_ws/src/install/py_pubsub/lib/python3.10/site-packages/py_pubsub
[0.901s] copying /home/student_rm03/dev_ws/src/build/py_pubsub/build/lib/py_pubsub/__init__.py -> /home/student_rm03/dev_ws/src/install/py_pubsub/lib/python3.10/site-packages/py_pubsub
[0.901s] copying /home/student_rm03/dev_ws/src/build/py_pubsub/build/lib/py_pubsub/subscriber_member_function.py -> /home/student_rm03/dev_ws/src/install/py_pubsub/lib/python3.10/site-packages/py_pubsub
[0.901s] copying /home/student_rm03/dev_ws/src/build/py_pubsub/build/lib/py_pubsub/publisher_member_function.py -> /home/student_rm03/dev_ws/src/install/py_pubsub/lib/python3.10/site-packages/py_pubsub
[0.901s] byte-compiling /home/student_rm03/dev_ws/src/install/py_pubsub/lib/python3.10/site-packages/py_pubsub/__init__.py to __init__.cpython-310.pyc
[0.902s] byte-compiling /home/student_rm03/dev_ws/src/install/py_pubsub/lib/python3.10/site-packages/py_pubsub/subscriber_member_function.py to subscriber_member_function.cpython-310.pyc
[0.902s] byte-compiling /home/student_rm03/dev_ws/src/install/py_pubsub/lib/python3.10/site-packages/py_pubsub/publisher_member_function.py to publisher_member_function.cpython-310.pyc
[0.902s] running install_data
[0.903s] creating /home/student_rm03/dev_ws/src/install/py_pubsub/share/ament_index
[0.903s] creating /home/student_rm03/dev_ws/src/install/py_pubsub/share/ament_index/resource_index
[0.904s] creating /home/student_rm03/dev_ws/src/install/py_pubsub/share/ament_index/resource_index/packages
[0.904s] copying resource/py_pubsub -> /home/student_rm03/dev_ws/src/install/py_pubsub/share/ament_index/resource_index/packages
[0.904s] copying package.xml -> /home/student_rm03/dev_ws/src/install/py_pubsub/share/py_pubsub
[0.904s] running install_egg_info
[0.905s] Copying ../build/py_pubsub/py_pubsub.egg-info to /home/student_rm03/dev_ws/src/install/py_pubsub/lib/python3.10/site-packages/py_pubsub-0.0.0-py3.10.egg-info
[0.906s] running install_scripts
[0.926s] Installing listener script to /home/student_rm03/dev_ws/src/install/py_pubsub/lib/py_pubsub
[0.926s] Installing talker script to /home/student_rm03/dev_ws/src/install/py_pubsub/lib/py_pubsub
[0.926s] writing list of installed files to '/home/student_rm03/dev_ws/src/build/py_pubsub/install.log'
[0.951s] Invoked command in '/home/student_rm03/dev_ws/src/py_pubsub' returned '0': PYTHONPATH=/home/student_rm03/dev_ws/src/build/py_pubsub/prefix_override:/home/student_rm03/dev_ws/src/install/py_pubsub/lib/python3.10/site-packages:${PYTHONPATH} /usr/bin/python3 setup.py egg_info --egg-base ../build/py_pubsub build --build-base /home/student_rm03/dev_ws/src/build/py_pubsub/build install --record /home/student_rm03/dev_ws/src/build/py_pubsub/install.log --single-version-externally-managed
