[0.623s] Invoking command in '/home/student_rm03/dev_ws/src/py_pubsub': PYTHONPATH=/home/student_rm03/dev_ws/src/build/py_pubsub/prefix_override:/home/student_rm03/dev_ws/src/install/py_pubsub/lib/python3.10/site-packages:${PYTHONPATH} /usr/bin/python3 setup.py egg_info --egg-base ../build/py_pubsub build --build-base /home/student_rm03/dev_ws/src/build/py_pubsub/build install --record /home/student_rm03/dev_ws/src/build/py_pubsub/install.log --single-version-externally-managed
[0.862s] running egg_info
[0.863s] writing ../build/py_pubsub/py_pubsub.egg-info/PKG-INFO
[0.863s] writing dependency_links to ../build/py_pubsub/py_pubsub.egg-info/dependency_links.txt
[0.864s] writing entry points to ../build/py_pubsub/py_pubsub.egg-info/entry_points.txt
[0.864s] writing requirements to ../build/py_pubsub/py_pubsub.egg-info/requires.txt
[0.864s] writing top-level names to ../build/py_pubsub/py_pubsub.egg-info/top_level.txt
[0.865s] reading manifest file '../build/py_pubsub/py_pubsub.egg-info/SOURCES.txt'
[0.866s] writing manifest file '../build/py_pubsub/py_pubsub.egg-info/SOURCES.txt'
[0.867s] running build
[0.867s] running build_py
[0.867s] copying py_pubsub/publisher_member_function.py -> /home/student_rm03/dev_ws/src/build/py_pubsub/build/lib/py_pubsub
[0.867s] running install
[0.867s] /usr/lib/python3/dist-packages/setuptools/command/install.py:34: SetuptoolsDeprecationWarning: setup.py install is deprecated. Use build and pip and other standards-based tools.
[0.868s]   warnings.warn(
[0.868s] running install_lib
[0.869s] copying /home/student_rm03/dev_ws/src/build/py_pubsub/build/lib/py_pubsub/publisher_member_function.py -> /home/student_rm03/dev_ws/src/install/py_pubsub/lib/python3.10/site-packages/py_pubsub
[0.870s] byte-compiling /home/student_rm03/dev_ws/src/install/py_pubsub/lib/python3.10/site-packages/py_pubsub/publisher_member_function.py to publisher_member_function.cpython-310.pyc
[0.870s] running install_data
[0.871s] running install_egg_info
[0.872s] removing '/home/student_rm03/dev_ws/src/install/py_pubsub/lib/python3.10/site-packages/py_pubsub-0.0.0-py3.10.egg-info' (and everything under it)
[0.873s] Copying ../build/py_pubsub/py_pubsub.egg-info to /home/student_rm03/dev_ws/src/install/py_pubsub/lib/python3.10/site-packages/py_pubsub-0.0.0-py3.10.egg-info
[0.874s] running install_scripts
[0.893s] Installing listener script to /home/student_rm03/dev_ws/src/install/py_pubsub/lib/py_pubsub
[0.893s] Installing talker script to /home/student_rm03/dev_ws/src/install/py_pubsub/lib/py_pubsub
[0.894s] writing list of installed files to '/home/student_rm03/dev_ws/src/build/py_pubsub/install.log'
[0.916s] Invoked command in '/home/student_rm03/dev_ws/src/py_pubsub' returned '0': PYTHONPATH=/home/student_rm03/dev_ws/src/build/py_pubsub/prefix_override:/home/student_rm03/dev_ws/src/install/py_pubsub/lib/python3.10/site-packages:${PYTHONPATH} /usr/bin/python3 setup.py egg_info --egg-base ../build/py_pubsub build --build-base /home/student_rm03/dev_ws/src/build/py_pubsub/build install --record /home/student_rm03/dev_ws/src/build/py_pubsub/install.log --single-version-externally-managed
